build/app/intermediates/manifest_merge_blame_file/release/manifest-merger-blame-release-report.txt
1<?xml version="1.0" encoding="utf-8"?>
2<manifest xmlns:android="http://schemas.android.com/apk/res/android"
3    package="com.example.breathing_app"
4    android:versionCode="1"
5    android:versionName="1.0.0" >
6
7    <uses-sdk
8        android:minSdkVersion="21"
8-->src\main\AndroidManifest.xml
9        android:targetSdkVersion="31" />
9-->src\main\AndroidManifest.xml
10
11    <uses-permission android:name="android.permission.WRITE_EXTERNAL_STORAGE" />
11-->src\main\AndroidManifest.xml:3:5-80
11-->src\main\AndroidManifest.xml:3:22-78
12    <uses-permission android:name="android.permission.READ_EXTERNAL_STORAGE" />
12-->src\main\AndroidManifest.xml:4:5-79
12-->src\main\AndroidManifest.xml:4:22-77
13
14    <queries>
14-->[:file_picker] AndroidManifest.xml:9:5-15:15
15        <intent>
15-->[:file_picker] AndroidManifest.xml:10:9-14:18
16            <action android:name="android.intent.action.GET_CONTENT" />
16-->[:file_picker] AndroidManifest.xml:11:13-72
16-->[:file_picker] AndroidManifest.xml:11:21-69
17
18            <data android:mimeType="*/*" />
18-->[:file_picker] AndroidManifest.xml:13:13-44
18-->[:file_picker] AndroidManifest.xml:13:19-41
19        </intent>
20    </queries>
21
22    <uses-permission android:name="android.permission.INTERNET" />
22-->[com.google.firebase:firebase-auth:21.0.3] AndroidManifest.xml:23:5-67
22-->[com.google.firebase:firebase-auth:21.0.3] AndroidManifest.xml:23:22-64
23    <uses-permission android:name="android.permission.ACCESS_NETWORK_STATE" />
23-->[com.google.firebase:firebase-auth:21.0.3] AndroidManifest.xml:24:5-79
23-->[com.google.firebase:firebase-auth:21.0.3] AndroidManifest.xml:24:22-76
24
25    <application
26        android:name="android.app.Application"
26-->src\main\AndroidManifest.xml:8:9-42
27        android:appComponentFactory="androidx.core.app.CoreComponentFactory"
27-->[androidx.core:core:1.6.0] AndroidManifest.xml:24:18-86
28        android:icon="@mipmap/ic_launcher"
28-->src\main\AndroidManifest.xml:9:9-43
29        android:label="breathing_app"
29-->src\main\AndroidManifest.xml:7:9-38
30        android:requestLegacyExternalStorage="true" >
30-->src\main\AndroidManifest.xml:6:9-52
31        <activity
31-->src\main\AndroidManifest.xml:10:9-30:20
32            android:name="com.example.breathing_app.MainActivity"
32-->src\main\AndroidManifest.xml:11:13-41
33            android:configChanges="orientation|keyboardHidden|keyboard|screenSize|smallestScreenSize|locale|layoutDirection|fontScale|screenLayout|density|uiMode"
33-->src\main\AndroidManifest.xml:15:13-163
34            android:exported="true"
34-->src\main\AndroidManifest.xml:12:13-36
35            android:hardwareAccelerated="true"
35-->src\main\AndroidManifest.xml:16:13-47
36            android:launchMode="singleTop"
36-->src\main\AndroidManifest.xml:13:13-43
37            android:theme="@style/LaunchTheme"
37-->src\main\AndroidManifest.xml:14:13-47
38            android:windowSoftInputMode="adjustResize" >
38-->src\main\AndroidManifest.xml:17:13-55
39
40            <!--
41                 Specifies an Android theme to apply to this Activity as soon as
42                 the Android process has started. This theme is visible to the user
43                 while the Flutter UI initializes. After that, this theme continues
44                 to determine the Window background behind the Flutter UI.
45            -->
46            <meta-data
46-->src\main\AndroidManifest.xml:22:13-25:17
47                android:name="io.flutter.embedding.android.NormalTheme"
47-->src\main\AndroidManifest.xml:23:15-70
48                android:resource="@style/NormalTheme" />
48-->src\main\AndroidManifest.xml:24:15-52
49
50            <intent-filter>
50-->src\main\AndroidManifest.xml:26:13-29:29
51                <action android:name="android.intent.action.MAIN" />
51-->src\main\AndroidManifest.xml:27:17-68
51-->src\main\AndroidManifest.xml:27:25-66
52
53                <category android:name="android.intent.category.LAUNCHER" />
53-->src\main\AndroidManifest.xml:28:17-76
53-->src\main\AndroidManifest.xml:28:27-74
54            </intent-filter>
55        </activity>
56        <!--
57             Don't delete the meta-data below.
58             This is used by the Flutter tool to generate GeneratedPluginRegistrant.java
59        -->
60        <meta-data
60-->src\main\AndroidManifest.xml:33:9-35:33
61            android:name="flutterEmbedding"
61-->src\main\AndroidManifest.xml:34:13-44
62            android:value="2" />
62-->src\main\AndroidManifest.xml:35:13-30
63
64        <service
64-->[:firebase_storage] AndroidManifest.xml:8:9-12:19
65            android:name="com.google.firebase.components.ComponentDiscoveryService"
65-->[:firebase_storage] AndroidManifest.xml:8:18-89
66            android:directBootAware="true"
66-->[com.google.firebase:firebase-common:20.1.1] AndroidManifest.xml:35:13-43
67            android:exported="false" >
67-->[com.google.firebase:firebase-auth:21.0.3] AndroidManifest.xml:66:13-37
68            <meta-data
68-->[:firebase_storage] AndroidManifest.xml:9:13-11:85
69                android:name="com.google.firebase.components:io.flutter.plugins.firebase.storage.FlutterFirebaseAppRegistrar"
69-->[:firebase_storage] AndroidManifest.xml:10:17-126
70                android:value="com.google.firebase.components.ComponentRegistrar" />
70-->[:firebase_storage] AndroidManifest.xml:11:17-82
71            <meta-data
71-->[:cloud_firestore] AndroidManifest.xml:9:13-11:85
72                android:name="com.google.firebase.components:io.flutter.plugins.firebase.firestore.FlutterFirebaseFirestoreRegistrar"
72-->[:cloud_firestore] AndroidManifest.xml:10:17-134
73                android:value="com.google.firebase.components.ComponentRegistrar" />
73-->[:cloud_firestore] AndroidManifest.xml:11:17-82
74            <meta-data
74-->[:firebase_auth] AndroidManifest.xml:9:13-11:85
75                android:name="com.google.firebase.components:io.flutter.plugins.firebase.auth.FlutterFirebaseAuthRegistrar"
75-->[:firebase_auth] AndroidManifest.xml:10:17-124
76                android:value="com.google.firebase.components.ComponentRegistrar" />
76-->[:firebase_auth] AndroidManifest.xml:11:17-82
77            <meta-data
77-->[:firebase_core] AndroidManifest.xml:9:13-11:85
78                android:name="com.google.firebase.components:io.flutter.plugins.firebase.core.FlutterFirebaseCoreRegistrar"
78-->[:firebase_core] AndroidManifest.xml:10:17-124
79                android:value="com.google.firebase.components.ComponentRegistrar" />
79-->[:firebase_core] AndroidManifest.xml:11:17-82
80            <meta-data
80-->[com.google.firebase:firebase-auth:21.0.3] AndroidManifest.xml:67:13-69:85
81                android:name="com.google.firebase.components:com.google.firebase.auth.FirebaseAuthRegistrar"
81-->[com.google.firebase:firebase-auth:21.0.3] AndroidManifest.xml:68:17-109
82                android:value="com.google.firebase.components.ComponentRegistrar" />
82-->[com.google.firebase:firebase-auth:21.0.3] AndroidManifest.xml:69:17-82
83            <meta-data
83-->[com.google.firebase:firebase-firestore:24.1.2] AndroidManifest.xml:20:13-22:85
84                android:name="com.google.firebase.components:com.google.firebase.firestore.FirestoreRegistrar"
84-->[com.google.firebase:firebase-firestore:24.1.2] AndroidManifest.xml:21:17-111
85                android:value="com.google.firebase.components.ComponentRegistrar" />
85-->[com.google.firebase:firebase-firestore:24.1.2] AndroidManifest.xml:22:17-82
86            <meta-data
86-->[com.google.firebase:firebase-storage:20.0.1] AndroidManifest.xml:33:13-35:85
87                android:name="com.google.firebase.components:com.google.firebase.storage.StorageRegistrar"
87-->[com.google.firebase:firebase-storage:20.0.1] AndroidManifest.xml:34:17-107
88                android:value="com.google.firebase.components.ComponentRegistrar" />
88-->[com.google.firebase:firebase-storage:20.0.1] AndroidManifest.xml:35:17-82
89        </service>
90
91        <provider
91-->[:image_picker_android] AndroidManifest.xml:8:9-16:20
92            android:name="io.flutter.plugins.imagepicker.ImagePickerFileProvider"
92-->[:image_picker_android] AndroidManifest.xml:9:13-82
93            android:authorities="com.example.breathing_app.flutter.image_provider"
93-->[:image_picker_android] AndroidManifest.xml:10:13-74
94            android:exported="false"
94-->[:image_picker_android] AndroidManifest.xml:11:13-37
95            android:grantUriPermissions="true" >
95-->[:image_picker_android] AndroidManifest.xml:12:13-47
96            <meta-data
96-->[:image_picker_android] AndroidManifest.xml:13:13-15:75
97                android:name="android.support.FILE_PROVIDER_PATHS"
97-->[:image_picker_android] AndroidManifest.xml:14:17-67
98                android:resource="@xml/flutter_image_picker_file_paths" />
98-->[:image_picker_android] AndroidManifest.xml:15:17-72
99        </provider>
100
101        <uses-library
101-->[androidx.window:window:1.0.0-beta04] AndroidManifest.xml:25:9-27:40
102            android:name="androidx.window.extensions"
102-->[androidx.window:window:1.0.0-beta04] AndroidManifest.xml:26:13-54
103            android:required="false" />
103-->[androidx.window:window:1.0.0-beta04] AndroidManifest.xml:27:13-37
104        <uses-library
104-->[androidx.window:window:1.0.0-beta04] AndroidManifest.xml:28:9-30:40
105            android:name="androidx.window.sidecar"
105-->[androidx.window:window:1.0.0-beta04] AndroidManifest.xml:29:13-51
106            android:required="false" />
106-->[androidx.window:window:1.0.0-beta04] AndroidManifest.xml:30:13-37
107
108        <activity
108-->[com.google.android.gms:play-services-auth:20.1.0] AndroidManifest.xml:23:9-27:75
109            android:name="com.google.android.gms.auth.api.signin.internal.SignInHubActivity"
109-->[com.google.android.gms:play-services-auth:20.1.0] AndroidManifest.xml:24:13-93
110            android:excludeFromRecents="true"
110-->[com.google.android.gms:play-services-auth:20.1.0] AndroidManifest.xml:25:13-46
111            android:exported="false"
111-->[com.google.android.gms:play-services-auth:20.1.0] AndroidManifest.xml:26:13-37
112            android:theme="@android:style/Theme.Translucent.NoTitleBar" />
112-->[com.google.android.gms:play-services-auth:20.1.0] AndroidManifest.xml:27:13-72
113        <!--
114            Service handling Google Sign-In user revocation. For apps that do not integrate with
115            Google Sign-In, this service will never be started.
116        -->
117        <service
117-->[com.google.android.gms:play-services-auth:20.1.0] AndroidManifest.xml:33:9-37:51
118            android:name="com.google.android.gms.auth.api.signin.RevocationBoundService"
118-->[com.google.android.gms:play-services-auth:20.1.0] AndroidManifest.xml:34:13-89
119            android:exported="true"
119-->[com.google.android.gms:play-services-auth:20.1.0] AndroidManifest.xml:35:13-36
120            android:permission="com.google.android.gms.auth.api.signin.permission.REVOCATION_NOTIFICATION"
120-->[com.google.android.gms:play-services-auth:20.1.0] AndroidManifest.xml:36:13-107
121            android:visibleToInstantApps="true" />
121-->[com.google.android.gms:play-services-auth:20.1.0] AndroidManifest.xml:37:13-48
122
123        <activity
123-->[com.google.firebase:firebase-auth:21.0.3] AndroidManifest.xml:27:9-44:20
124            android:name="com.google.firebase.auth.internal.GenericIdpActivity"
124-->[com.google.firebase:firebase-auth:21.0.3] AndroidManifest.xml:28:13-80
125            android:excludeFromRecents="true"
125-->[com.google.firebase:firebase-auth:21.0.3] AndroidManifest.xml:29:13-46
126            android:exported="true"
126-->[com.google.firebase:firebase-auth:21.0.3] AndroidManifest.xml:30:13-36
127            android:launchMode="singleTask"
127-->[com.google.firebase:firebase-auth:21.0.3] AndroidManifest.xml:31:13-44
128            android:theme="@android:style/Theme.Translucent.NoTitleBar" >
128-->[com.google.firebase:firebase-auth:21.0.3] AndroidManifest.xml:32:13-72
129            <intent-filter>
129-->[com.google.firebase:firebase-auth:21.0.3] AndroidManifest.xml:33:13-43:29
130                <action android:name="android.intent.action.VIEW" />
130-->[com.google.firebase:firebase-auth:21.0.3] AndroidManifest.xml:34:17-69
130-->[com.google.firebase:firebase-auth:21.0.3] AndroidManifest.xml:34:25-66
131
132                <category android:name="android.intent.category.DEFAULT" />
132-->[com.google.firebase:firebase-auth:21.0.3] AndroidManifest.xml:36:17-76
132-->[com.google.firebase:firebase-auth:21.0.3] AndroidManifest.xml:36:27-73
133                <category android:name="android.intent.category.BROWSABLE" />
133-->[com.google.firebase:firebase-auth:21.0.3] AndroidManifest.xml:37:17-78
133-->[com.google.firebase:firebase-auth:21.0.3] AndroidManifest.xml:37:27-75
134
135                <data
135-->[:file_picker] AndroidManifest.xml:13:13-44
136                    android:host="firebase.auth"
137                    android:path="/"
138                    android:scheme="genericidp" />
139            </intent-filter>
140        </activity>
141        <activity
141-->[com.google.firebase:firebase-auth:21.0.3] AndroidManifest.xml:45:9-62:20
142            android:name="com.google.firebase.auth.internal.RecaptchaActivity"
142-->[com.google.firebase:firebase-auth:21.0.3] AndroidManifest.xml:46:13-79
143            android:excludeFromRecents="true"
143-->[com.google.firebase:firebase-auth:21.0.3] AndroidManifest.xml:47:13-46
144            android:exported="true"
144-->[com.google.firebase:firebase-auth:21.0.3] AndroidManifest.xml:48:13-36
145            android:launchMode="singleTask"
145-->[com.google.firebase:firebase-auth:21.0.3] AndroidManifest.xml:49:13-44
146            android:theme="@android:style/Theme.Translucent.NoTitleBar" >
146-->[com.google.firebase:firebase-auth:21.0.3] AndroidManifest.xml:50:13-72
147            <intent-filter>
147-->[com.google.firebase:firebase-auth:21.0.3] AndroidManifest.xml:51:13-61:29
148                <action android:name="android.intent.action.VIEW" />
148-->[com.google.firebase:firebase-auth:21.0.3] AndroidManifest.xml:34:17-69
148-->[com.google.firebase:firebase-auth:21.0.3] AndroidManifest.xml:34:25-66
149
150                <category android:name="android.intent.category.DEFAULT" />
150-->[com.google.firebase:firebase-auth:21.0.3] AndroidManifest.xml:36:17-76
150-->[com.google.firebase:firebase-auth:21.0.3] AndroidManifest.xml:36:27-73
151                <category android:name="android.intent.category.BROWSABLE" />
151-->[com.google.firebase:firebase-auth:21.0.3] AndroidManifest.xml:37:17-78
151-->[com.google.firebase:firebase-auth:21.0.3] AndroidManifest.xml:37:27-75
152
153                <data
153-->[:file_picker] AndroidManifest.xml:13:13-44
154                    android:host="firebase.auth"
155                    android:path="/"
156                    android:scheme="recaptcha" />
157            </intent-filter>
158        </activity>
159        <activity
159-->[com.google.android.gms:play-services-base:18.0.1] AndroidManifest.xml:20:9-22:45
160            android:name="com.google.android.gms.common.api.GoogleApiActivity"
160-->[com.google.android.gms:play-services-base:18.0.1] AndroidManifest.xml:20:19-85
161            android:exported="false"
161-->[com.google.android.gms:play-services-base:18.0.1] AndroidManifest.xml:22:19-43
162            android:theme="@android:style/Theme.Translucent.NoTitleBar" />
162-->[com.google.android.gms:play-services-base:18.0.1] AndroidManifest.xml:21:19-78
163
164        <provider
164-->[com.google.firebase:firebase-common:20.1.1] AndroidManifest.xml:26:9-31:39
165            android:name="com.google.firebase.provider.FirebaseInitProvider"
165-->[com.google.firebase:firebase-common:20.1.1] AndroidManifest.xml:27:13-77
166            android:authorities="com.example.breathing_app.firebaseinitprovider"
166-->[com.google.firebase:firebase-common:20.1.1] AndroidManifest.xml:28:13-72
167            android:directBootAware="true"
167-->[com.google.firebase:firebase-common:20.1.1] AndroidManifest.xml:29:13-43
168            android:exported="false"
168-->[com.google.firebase:firebase-common:20.1.1] AndroidManifest.xml:30:13-37
169            android:initOrder="100" />
169-->[com.google.firebase:firebase-common:20.1.1] AndroidManifest.xml:31:13-36
170
171        <meta-data
171-->[com.google.android.gms:play-services-basement:18.0.0] AndroidManifest.xml:21:9-23:69
172            android:name="com.google.android.gms.version"
172-->[com.google.android.gms:play-services-basement:18.0.0] AndroidManifest.xml:22:13-58
173            android:value="@integer/google_play_services_version" />
173-->[com.google.android.gms:play-services-basement:18.0.0] AndroidManifest.xml:23:13-66
174    </application>
175
176</manifest>